(17188|17508) NOTICE: "ORBVerboseLogging" is not defined in config file - using code default.
(17188|17508) NOTICE: "DCPSDefaultAddress" is not defined in config file - using code default.
(17188|17508) NOTICE: "DCPSMonitor" is not defined in config file - using code default.
(17188|17508) NOTICE: "FederationRecoveryDuration" is not defined in config file - using code default.
(17188|17508) NOTICE: "FederationInitialBackoffSeconds" is not defined in config file - using code default.
(17188|17508) NOTICE: "FederationBackoffMultiplier" is not defined in config file - using code default.
(17188|17508) NOTICE: "FederationLivelinessDuration" is not defined in config file - using code default.
(17188|17508) NOTICE: "scheduler" is not defined in config file - using code default.
(17188|17508) NOTICE: "scheduler_slice" is not defined in config file - using code default.
(17188|17508) NOTICE: Service_Participant::load_domain_range_configuration failed to open [DomainRange] section.
(17188|17508) NOTICE: Service_Participant::load_transport_template_configuration failed to open [transport_template] section.
(17188|17508) NOTICE: "queue_messages_per_pool" is not defined in config file - using code default.
(17188|17508) NOTICE: "queue_initial_pools" is not defined in config file - using code default.
(17188|17508) NOTICE: "max_packet_size" is not defined in config file - using code default.
(17188|17508) NOTICE: "max_samples_per_packet" is not defined in config file - using code default.
(17188|17508) NOTICE: "optimum_packet_size" is not defined in config file - using code default.
(17188|17508) NOTICE: "thread_per_connection" is not defined in config file - using code default.
(17188|17508) NOTICE: "datalink_release_delay" is not defined in config file - using code default.
(17188|17508) NOTICE: "datalink_control_chunks" is not defined in config file - using code default.
(17188|17508) NOTICE: "default_to_ipv6" is not defined in config file - using code default.
(17188|17508) NOTICE: "port_offset" is not defined in config file - using code default.
(17188|17508) NOTICE: "syn_backoff" is not defined in config file - using code default.
(17188|17508) NOTICE: "nak_delay_intervals" is not defined in config file - using code default.
(17188|17508) NOTICE: "nak_max" is not defined in config file - using code default.
(17188|17508) NOTICE: Service_Participant::load_domain_configuration failed to open [domain] section - using code default.
(17188|17508) NOTICE: StaticDiscovery::parse_topics no [topic] sections.
(17188|17508) NOTICE: StaticDiscovery::parse_datawriterqos no [datawriterqos] sections.
(17188|17508) NOTICE: StaticDiscovery::parse_datareaderqos no [datareaderqos] sections.
(17188|17508) NOTICE: StaticDiscovery::parse_publisherqos no [publisherqos] sections.
(17188|17508) NOTICE: StaticDiscovery::parse_subscriberqos no [subscriberqos] sections.
(17188|17508) NOTICE: StaticDiscovery::parse_endpoints no [endpoint] sections.
(17188|17508) NOTICE: Service_Participant::get_domain_participant_factory - This is OpenDDS 3.15 using ACE 6.5.12.
(17188|17508) NOTICE: Service_Participant::intializeScheduling() - no scheduling policy specified, not setting policy.
(17188|17508) Service_Participant::get_discovery: returning default RTPS discovery for domain 111.
(17188|17508) Spdp::SpdpTransport::open_unicast_socket() - failed to open_appropriate_socket_type unicast socket on port 35160 ACE_SOCK_Dgram::open: address already in use.  Trying next participantId...
(17188|17508) Spdp::SpdpTransport::open_unicast_socket() - opened unicast socket on port 35162
(17188|17508) TransportImpl::open()
   transport_type:               rtps_udp
   name:                         _OPENDDS__SEDPTransportInst_0103ac2b6e30b745432404ff111
   queue_messages_per_pool:      10
   queue_initial_pools:          5
   max_packet_size:              2147481599
   max_samples_per_packet:       10
   optimum_packet_size:          4096
   thread_per_connection:        false
   datalink_release_delay:       10000
   datalink_control_chunks:      32
   local_address:                0.0.0.0:55780
   use_multicast:                true
   multicast_group_address:      239.255.0.1:35152
   multicast_interface:          
   nak_depth:                    0
   max_bundle_size:              65446
   nak_response_delay:           200
   heartbeat_period:             1000
   heartbeat_response_delay:     500
   handshake_timeout:            150000
   send_buffer_size:             65535
   rcv_buffer_size:              65535
   ttl:                          1
(17188|17508) DomainParticipantImpl::enable: enabled participant 0103ac2b.6e30b745.432404ff.000001c1(4ab0fe82) in domain 111
(17188|17508) Service_Participant::get_discovery: returning repository for domain 111, repo DEFAULT_RTPS.
(17188|17508) Service_Participant::get_discovery: returning repository for domain 111, repo DEFAULT_RTPS.
(17188|17508) Service_Participant::get_discovery: returning repository for domain 111, repo DEFAULT_RTPS.
(17188|17508) Service_Participant::get_discovery: returning repository for domain 111, repo DEFAULT_RTPS.
(17188|17508) Service_Participant::get_discovery: returning repository for domain 111, repo DEFAULT_RTPS.
(17188|17508) Service_Participant::get_discovery: returning repository for domain 111, repo DEFAULT_RTPS.
(17188|17508) Service_Participant::get_discovery: returning repository for domain 111, repo DEFAULT_RTPS.
(17188|17508) Service_Participant::get_discovery: returning repository for domain 111, repo DEFAULT_RTPS.
(17188|17508) DDS::ParticipantBuiltinTopicDataDataReaderImpl::enable_specific-data Cached_Allocator_With_Overflow 2a54ad0 with 20 chunks
(17188|17508) DataReaderImpl::enable Cached_Allocator_With_Overflow 2a54550 with 20 chunks
(17188|17508) Service_Participant::get_discovery: returning repository for domain 111, repo DEFAULT_RTPS.
(17188|17508) SubscriberImpl::reader_enabled, datareader(topic_name=DCPSParticipant) enabled
(17188|17508) DDS::TopicBuiltinTopicDataDataReaderImpl::enable_specific-data Cached_Allocator_With_Overflow 2a54b80 with 20 chunks
(17188|17508) DataReaderImpl::enable Cached_Allocator_With_Overflow 2a54970 with 20 chunks
(17188|17508) Service_Participant::get_discovery: returning repository for domain 111, repo DEFAULT_RTPS.
(17188|17508) SubscriberImpl::reader_enabled, datareader(topic_name=DCPSTopic) enabled
(17188|17508) DDS::PublicationBuiltinTopicDataDataReaderImpl::enable_specific-data Cached_Allocator_With_Overflow 2a54600 with 20 chunks
(17188|17508) DataReaderImpl::enable Cached_Allocator_With_Overflow 2a54340 with 20 chunks
(17188|17508) Service_Participant::get_discovery: returning repository for domain 111, repo DEFAULT_RTPS.
(17188|17508) SubscriberImpl::reader_enabled, datareader(topic_name=DCPSPublication) enabled
(17188|17508) DDS::SubscriptionBuiltinTopicDataDataReaderImpl::enable_specific-data Cached_Allocator_With_Overflow 2a53d10 with 20 chunks
(17188|17508) DataReaderImpl::enable Cached_Allocator_With_Overflow 2a54130 with 20 chunks
(17188|17508) Service_Participant::get_discovery: returning repository for domain 111, repo DEFAULT_RTPS.
(17188|17508) SubscriberImpl::reader_enabled, datareader(topic_name=DCPSSubscription) enabled
(17188|17508) OpenDDS::DCPS::ParticipantLocationBuiltinTopicDataDataReaderImpl::enable_specific-data Cached_Allocator_With_Overflow 2a54290 with 20 chunks
(17188|17508) DataReaderImpl::enable Cached_Allocator_With_Overflow 2a54760 with 20 chunks
(17188|17508) Service_Participant::get_discovery: returning repository for domain 111, repo DEFAULT_RTPS.
(17188|17508) SubscriberImpl::reader_enabled, datareader(topic_name=OpenDDSParticipantLocation) enabled
(17188|17508) OpenDDS::DCPS::ConnectionRecordDataReaderImpl::enable_specific-data Cached_Allocator_With_Overflow 2a53dc0 with 20 chunks
(17188|17508) DataReaderImpl::enable Cached_Allocator_With_Overflow 2a54080 with 20 chunks
(17188|17508) Service_Participant::get_discovery: returning repository for domain 111, repo DEFAULT_RTPS.
(17188|17508) SubscriberImpl::reader_enabled, datareader(topic_name=OpenDDSConnectionRecord) enabled
(17188|17508) OpenDDS::DCPS::InternalThreadBuiltinTopicDataDataReaderImpl::enable_specific-data Cached_Allocator_With_Overflow 2a543f0 with 20 chunks
(17188|17508) DataReaderImpl::enable Cached_Allocator_With_Overflow 2a53f20 with 20 chunks
(17188|17508) Service_Participant::get_discovery: returning repository for domain 111, repo DEFAULT_RTPS.
(17188|17508) SubscriberImpl::reader_enabled, datareader(topic_name=OpenDDSInternalThread) enabled
(17188|16812) Spdp::SpdpTransport::join_multicast_group joining group 239.255.0.1:35150 on all interfaces
(17188|17508) Service_Participant::get_discovery: returning repository for domain 111, repo DEFAULT_RTPS.
(17188|17508) Xyz::Pt128DataWriterImpl::enable_specific-data Dynamic_Cached_Allocator_With_Overflow 2a75060 with 20 chunks
(17188|17508) Xyz::Pt128DataWriterImpl::enable_specific-mb Cached_Allocator_With_Overflow 2a52f60 with 200 chunks
(17188|17508) Xyz::Pt128DataWriterImpl::enable_specific-db Cached_Allocator_With_Overflow 2a53920 with 20 chunks
(17188|17508) WriteDataContainer sample_list_element_allocator 2a753d8 with 20 chunks
(17188|17508) DataWriterImpl::enable-mb Cached_Allocator_With_Overflow 2a75510 with 20 chunks
(17188|17508) DataWriterImpl::enable-db Cached_Allocator_With_Overflow 2a755e0 with 20 chunks
(17188|17508) DataWriterImpl::enable-header Cached_Allocator_With_Overflow 2a54810 with 20 chunks
(17188|17508) Service_Participant::get_discovery: returning repository for domain 111, repo DEFAULT_RTPS.
(17188|17508) TransportImpl::open()
   transport_type:               multicast
   name:                         multicast
   queue_messages_per_pool:      10
   queue_initial_pools:          5
   max_packet_size:              2147481599
   max_samples_per_packet:       10
   optimum_packet_size:          4096
   thread_per_connection:        false
   datalink_release_delay:       10000
   datalink_control_chunks:      32

   group_address:                224.1.0.129:49444
   local_address:                172.20.10.2
   default_to_ipv6:              false
   port_offset:                  49152
   reliable:                     true
   syn_backoff:                  2
   syn_interval:                 12000
   syn_timeout:                  1000000
   nak_depth:                    10000
   nak_interval:                 60000
   nak_delay_intervals:          4
   nak_max:                      3
   nak_timeout:                  200000
   ttl:                          3
   rcv_buffer_size:              2000000
   async_send:                   false
(17188|17508) Sedp::write_publication_data - not currently associated, dropping msg.
(17188|17508) EndpointManager::add_publication - calling match_endpoints
(17188|17508) Writer::start 
(17188|17044) Writer::svc begins samples with 128 floats.
(17188|16812) Spdp::handle_participant_data - 0103ac2b.6e30b745.432404ff.000001c1(4ab0fe82) discovered 0103ac2b.6e30b745.3e507b0f.000001c1(d78261b2) lease 300s
(17188|16812) ConditionImpl::signal_all()
(17188|16812) StatusConditionImpl::get_trigger_value() - mask==0xffffffff, changes==0x200.
(17188|16812) ConditionImpl::signal_all() - number of sets: 0, locally: 0.
(17188|16812) ConditionImpl::signal_all()
(17188|16812) StatusConditionImpl::get_trigger_value() - mask==0xffffffff, changes==0x400.
(17188|16812) ConditionImpl::signal_all() - number of sets: 0, locally: 0.
(17188|16812) TransportClient::associate added PendingAssoc between 0103ac2b.6e30b745.432404ff.000003c7(91e53935) and remote 0103ac2b.6e30b745.3e507b0f.000003c2(7cbd528a)
(17188|16812) TransportReceiveStrategy-mb Cached_Allocator_With_Overflow 3393630 with 1000 chunks
(17188|16812) TransportReceiveStrategy-db Cached_Allocator_With_Overflow 33936c0 with 100 chunks
(17188|16812) TransportReceiveStrategy-data Cached_Allocator_With_Overflow 3393750 with 100 chunks
(17188|16812) RtpsUdpDataLink::join_multicast_group joining group 239.255.0.1:35152 on 
(17188|16812) RtpsUdpDataLink::add_locators 0103ac2b.6e30b745.3e507b0f.000003c2(7cbd528a) is now at 172.20.10.2:63613 and 239.255.0.1:35152
(17188|16812) RtpsUdpTransport::accept_datalink pending.
(17188|16812) TransportClient::associate added PendingAssoc between 0103ac2b.6e30b745.432404ff.000004c7(dea4aff2) and remote 0103ac2b.6e30b745.3e507b0f.000004c2(33fcc44d)
(17188|16812) RtpsUdpDataLink::add_locators 0103ac2b.6e30b745.3e507b0f.000004c2(33fcc44d) is now at 172.20.10.2:63613 and 239.255.0.1:35152
(17188|16812) RtpsUdpTransport::accept_datalink pending.
(17188|16812) TransportClient::associate added PendingAssoc between 0103ac2b.6e30b745.432404ff.000200c7(b94cbe98) and remote 0103ac2b.6e30b745.3e507b0f.000200c2(5414d527)
(17188|16812) RtpsUdpDataLink::add_locators 0103ac2b.6e30b745.3e507b0f.000200c2(5414d527) is now at 172.20.10.2:63613 and 239.255.0.1:35152
(17188|16812) RtpsUdpTransport::accept_datalink pending.
(17188|16812) TransportClient::associate added PendingAssoc between 0103ac2b.6e30b745.432404ff.000003c2(e18fcdba) and remote 0103ac2b.6e30b745.3e507b0f.000003c7(0cd7a605)
(17188|16812) PendingAssoc::initiate_connect - between 0103ac2b.6e30b745.432404ff.000003c2(e18fcdba) and remote 0103ac2b.6e30b745.3e507b0f.000003c7(0cd7a605)
(17188|16812) TransportClient::initiate_connect_i - attempt to connect_datalink between local 0103ac2b.6e30b745.432404ff.000003c2(e18fcdba) and remote 0103ac2b.6e30b745.3e507b0f.000003c7(0cd7a605)
(17188|16812) RtpsUdpDataLink::add_locators 0103ac2b.6e30b745.3e507b0f.000003c7(0cd7a605) is now at 172.20.10.2:63613 and 239.255.0.1:35152
(17188|16812) TransportClient::initiate_connect_i - connection between local 0103ac2b.6e30b745.432404ff.000003c2(e18fcdba) and remote 0103ac2b.6e30b745.3e507b0f.000003c7(0cd7a605) initiation successful
(17188|16812) TransportClient::use_datalink_i TransportClient(0000000002A04900) using datalink[000000000338E530] from 0103ac2b.6e30b745.3e507b0f.000003c7(0cd7a605)
(17188|16812) TransportClient::use_datalink_i TransportClient(0000000002A04900) about to add_link[000000000338E530] to remote: 0103ac2b.6e30b745.3e507b0f.000003c7(0cd7a605)
(17188|16812) DataLink::make_reservation() - creating association local publication  0103ac2b.6e30b745.432404ff.000003c2(e18fcdba) <--> with remote subscription 0103ac2b.6e30b745.3e507b0f.000003c7(0cd7a605).
(17188|16812) DEBUG: Sedp::association_complete_i local 0103ac2b.6e30b745.432404ff.000003c2(e18fcdba) remote 0103ac2b.6e30b745.3e507b0f.000003c7(0cd7a605)
(17188|16812) to_param_list(dwd) - Multicast transport with RTPS discovery has known issues(17188|16812) RtpsUdpDataLink::customize_queue_element() - storing durable data for local 0103ac2b.6e30b745.432404ff.000003c2(e18fcdba) remote 0103ac2b.6e30b745.3e507b0f.000003c7(0cd7a605) seq 1
(17188|16812) RtpsUdpDataLink::end_historic_samples local 0103ac2b.6e30b745.432404ff.000003c2(e18fcdba) remote 0103ac2b.6e30b745.3e507b0f.000003c7(0cd7a605)
(17188|16812) TransportClient::associate added PendingAssoc between 0103ac2b.6e30b745.432404ff.000004c2(aece5b7d) and remote 0103ac2b.6e30b745.3e507b0f.000004c7(439630c2)
(17188|16812) PendingAssoc::initiate_connect - between 0103ac2b.6e30b745.432404ff.000004c2(aece5b7d) and remote 0103ac2b.6e30b745.3e507b0f.000004c7(439630c2)
(17188|16812) TransportClient::initiate_connect_i - attempt to connect_datalink between local 0103ac2b.6e30b745.432404ff.000004c2(aece5b7d) and remote 0103ac2b.6e30b745.3e507b0f.000004c7(439630c2)
(17188|16812) RtpsUdpDataLink::add_locators 0103ac2b.6e30b745.3e507b0f.000004c7(439630c2) is now at 172.20.10.2:63613 and 239.255.0.1:35152
(17188|16812) TransportClient::initiate_connect_i - connection between local 0103ac2b.6e30b745.432404ff.000004c2(aece5b7d) and remote 0103ac2b.6e30b745.3e507b0f.000004c7(439630c2) initiation successful
(17188|16812) TransportClient::use_datalink_i TransportClient(0000000002A193E0) using datalink[000000000338E530] from 0103ac2b.6e30b745.3e507b0f.000004c7(439630c2)
(17188|16812) TransportClient::use_datalink_i TransportClient(0000000002A193E0) about to add_link[000000000338E530] to remote: 0103ac2b.6e30b745.3e507b0f.000004c7(439630c2)
(17188|16812) DataLink::make_reservation() - creating association local publication  0103ac2b.6e30b745.432404ff.000004c2(aece5b7d) <--> with remote subscription 0103ac2b.6e30b745.3e507b0f.000004c7(439630c2).
(17188|16812) DEBUG: Sedp::association_complete_i local 0103ac2b.6e30b745.432404ff.000004c2(aece5b7d) remote 0103ac2b.6e30b745.3e507b0f.000004c7(439630c2)
(17188|16812) RtpsUdpDataLink::end_historic_samples local 0103ac2b.6e30b745.432404ff.000004c2(aece5b7d) remote 0103ac2b.6e30b745.3e507b0f.000004c7(439630c2)
(17188|16812) TransportClient::associate added PendingAssoc between 0103ac2b.6e30b745.432404ff.000200c2(c9264a17) and remote 0103ac2b.6e30b745.3e507b0f.000200c7(247e21a8)
(17188|16812) PendingAssoc::initiate_connect - between 0103ac2b.6e30b745.432404ff.000200c2(c9264a17) and remote 0103ac2b.6e30b745.3e507b0f.000200c7(247e21a8)
(17188|16812) TransportClient::initiate_connect_i - attempt to connect_datalink between local 0103ac2b.6e30b745.432404ff.000200c2(c9264a17) and remote 0103ac2b.6e30b745.3e507b0f.000200c7(247e21a8)
(17188|16812) RtpsUdpDataLink::add_locators 0103ac2b.6e30b745.3e507b0f.000200c7(247e21a8) is now at 172.20.10.2:63613 and 239.255.0.1:35152
(17188|16812) TransportClient::initiate_connect_i - connection between local 0103ac2b.6e30b745.432404ff.000200c2(c9264a17) and remote 0103ac2b.6e30b745.3e507b0f.000200c7(247e21a8) initiation successful
(17188|16812) TransportClient::use_datalink_i TransportClient(0000000002A1A7D0) using datalink[000000000338E530] from 0103ac2b.6e30b745.3e507b0f.000200c7(247e21a8)
(17188|16812) TransportClient::use_datalink_i TransportClient(0000000002A1A7D0) about to add_link[000000000338E530] to remote: 0103ac2b.6e30b745.3e507b0f.000200c7(247e21a8)
(17188|16812) DataLink::make_reservation() - creating association local publication  0103ac2b.6e30b745.432404ff.000200c2(c9264a17) <--> with remote subscription 0103ac2b.6e30b745.3e507b0f.000200c7(247e21a8).
(17188|16812) DEBUG: Sedp::association_complete_i local 0103ac2b.6e30b745.432404ff.000200c2(c9264a17) remote 0103ac2b.6e30b745.3e507b0f.000200c7(247e21a8)
(17188|16812) RtpsUdpDataLink::end_historic_samples local 0103ac2b.6e30b745.432404ff.000200c2(c9264a17) remote 0103ac2b.6e30b745.3e507b0f.000200c7(247e21a8)
(17188|16812) ConditionImpl::signal_all()
(17188|16812) StatusConditionImpl::get_trigger_value() - mask==0xffffffff, changes==0x200.
(17188|16812) ConditionImpl::signal_all() - number of sets: 0, locally: 0.
(17188|16812) ConditionImpl::signal_all()
(17188|16812) StatusConditionImpl::get_trigger_value() - mask==0xffffffff, changes==0x400.
(17188|16812) ConditionImpl::signal_all() - number of sets: 0, locally: 0.
(17188|16812) TransportClient::use_datalink_i TransportClient(0000000002A1ABB0) using datalink[000000000338E530] from 0103ac2b.6e30b745.3e507b0f.000003c2(7cbd528a)
(17188|16812) TransportClient::use_datalink_i TransportClient(0000000002A1ABB0) about to add_link[000000000338E530] to remote: 0103ac2b.6e30b745.3e507b0f.000003c2(7cbd528a)
(17188|16812) DataLink::make_reservation() - creating association local subscription 0103ac2b.6e30b745.432404ff.000003c7(91e53935) <--> with remote publication  0103ac2b.6e30b745.3e507b0f.000003c2(7cbd528a).
(17188|16812) TransportClient::use_datalink_i TransportClient(0000000002A1AF80) using datalink[000000000338E530] from 0103ac2b.6e30b745.3e507b0f.000004c2(33fcc44d)
(17188|16812) TransportClient::use_datalink_i TransportClient(0000000002A1AF80) about to add_link[000000000338E530] to remote: 0103ac2b.6e30b745.3e507b0f.000004c2(33fcc44d)
(17188|16812) DataLink::make_reservation() - creating association local subscription 0103ac2b.6e30b745.432404ff.000004c7(dea4aff2) <--> with remote publication  0103ac2b.6e30b745.3e507b0f.000004c2(33fcc44d).
(17188|16812) TransportClient::use_datalink_i TransportClient(0000000002A1B350) using datalink[000000000338E530] from 0103ac2b.6e30b745.3e507b0f.000200c2(5414d527)
(17188|16812) TransportClient::use_datalink_i TransportClient(0000000002A1B350) about to add_link[000000000338E530] to remote: 0103ac2b.6e30b745.3e507b0f.000200c2(5414d527)
(17188|16812) DataLink::make_reservation() - creating association local subscription 0103ac2b.6e30b745.432404ff.000200c7(b94cbe98) <--> with remote publication  0103ac2b.6e30b745.3e507b0f.000200c2(5414d527).
(17188|16812) DataLink::data_received_i: from publication 0103ac2b.6e30b745.3e507b0f.000004c2(33fcc44d) received sample: SAMPLE_DATA (0x00), Length: 140, Byte order: Little Endian, CDR Encapsulation, Sequence: 0x01, Timestamp: 1611811488.269969999, Publication: 0103ac2b.6e30b745.3e507b0f.000004c2(33fcc44d) to readerId 0103ac2b.6e30b745.432404ff.000004c7(dea4aff2) (SET_EXCLUDED).
(17188|16812) ConditionImpl::signal_all()
(17188|16812) StatusConditionImpl::get_trigger_value() - mask==0xffffffff, changes==0x200.
(17188|16812) ConditionImpl::signal_all() - number of sets: 0, locally: 0.
(17188|16812) ConditionImpl::signal_all()
(17188|16812) StatusConditionImpl::get_trigger_value() - mask==0xffffffff, changes==0x400.
(17188|16812) ConditionImpl::signal_all() - number of sets: 0, locally: 0.
(17188|16812) Sedp::data_received(drd) - calling match_endpoints new
(17188|16812) EndpointManager::match - adding writer 0103ac2b.6e30b745.432404ff.00000003(26c16c5f) association for reader 0103ac2b.6e30b745.3e507b0f.00000004(259766cc)
(17188|16812) DataWriterImpl::add_association - bit 0 local 0103ac2b.6e30b745.432404ff.00000003(26c16c5f) remote 0103ac2b.6e30b745.3e507b0f.00000004(259766cc)
(17188|16812) DataWriterImpl::add_association(): adding subscription to publication 0103ac2b.6e30b745.432404ff.00000003(26c16c5f) with priority 0.
(17188|16812) TransportClient::associate added PendingAssoc between 0103ac2b.6e30b745.432404ff.00000003(26c16c5f) and remote 0103ac2b.6e30b745.3e507b0f.00000004(259766cc)
(17188|16812) PendingAssoc::initiate_connect - between 0103ac2b.6e30b745.432404ff.00000003(26c16c5f) and remote 0103ac2b.6e30b745.3e507b0f.00000004(259766cc)
(17188|16812) TransportClient::initiate_connect_i - attempt to connect_datalink between local 0103ac2b.6e30b745.432404ff.00000003(26c16c5f) and remote 0103ac2b.6e30b745.3e507b0f.00000004(259766cc)
(17188|16812) MulticastTransport[multicast]::make_datalink peers: local 0x6e30b745432404ff priority 0 active 1
(17188|16812) TransportReceiveStrategy-mb Cached_Allocator_With_Overflow 33bb2a0 with 1000 chunks
(17188|16812) TransportReceiveStrategy-db Cached_Allocator_With_Overflow 33bb330 with 100 chunks
(17188|16812) TransportReceiveStrategy-data Cached_Allocator_With_Overflow 33bb3c0 with 100 chunks
(17188|16812) TransportClient::initiate_connect_i - connection between local 0103ac2b.6e30b745.432404ff.00000003(26c16c5f) and remote 0103ac2b.6e30b745.3e507b0f.00000004(259766cc) initiation successful
(17188|3388) MulticastSession[multicast]::send_syn local 0x6e30b745432404ff 0103ac2b.6e30b745.432404ff.00000003(26c16c5f) remote 0x6e30b7453e507b0f 0103ac2b.6e30b745.3e507b0f.00000004(259766cc)
(17188|16812) PendingAssoc::intiate_connect - resulting link from initiate_connect_i (local: 0103ac2b.6e30b745.432404ff.00000003(26c16c5f) to remote: 0103ac2b.6e30b745.3e507b0f.00000004(259766cc)) was nil
(17188|3388) Cached_Allocator_With_Overflow::malloc 0000000002A9A0E0 2 pool allocs 1 pool free with 10000 available
(17188|3388) MulticastSession[multicast]::send_syn local 0x6e30b745432404ff 0103ac2b.6e30b745.432404ff.00000003(26c16c5f) remote 0x6e30b7453e507b0f 0103ac2b.6e30b745.3e507b0f.00000004(259766cc)
(17188|3388) Cached_Allocator_With_Overflow::malloc 0000000002A9A0E0 4 pool allocs 3 pool free with 10000 available
(17188|3388) MulticastSession[multicast]::send_syn local 0x6e30b745432404ff 0103ac2b.6e30b745.432404ff.00000003(26c16c5f) remote 0x6e30b7453e507b0f 0103ac2b.6e30b745.3e507b0f.00000004(259766cc)
(17188|3388) Cached_Allocator_With_Overflow::malloc 0000000002A9A0E0 6 pool allocs 5 pool free with 10000 available
(17188|3388) ReliableSession::nak_received local 0x6e30b745432404ff remote 0x6e30b7453e507b0f sending nakack for lowest available: 2
(17188|3388) Cached_Allocator_With_Overflow::malloc 0000000002A9A0E0 8 pool allocs 7 pool free with 10000 available
(17188|3388) ReliableSession::nak_received local 0x6e30b745432404ff remote 0x6e30b7453e507b0f [1 - 3] resend result SUCCESS
(17188|3388) MulticastSession[multicast]::send_syn local 0x6e30b745432404ff 0103ac2b.6e30b745.432404ff.00000003(26c16c5f) remote 0x6e30b7453e507b0f 0103ac2b.6e30b745.3e507b0f.00000004(259766cc)
(17188|3388) Cached_Allocator_With_Overflow::malloc 0000000002A9A0E0 10 pool allocs 9 pool free with 10000 available
(17188|3388) MulticastSession[multicast]::send_syn local 0x6e30b745432404ff 0103ac2b.6e30b745.432404ff.00000003(26c16c5f) remote 0x6e30b7453e507b0f 0103ac2b.6e30b745.3e507b0f.00000004(259766cc)
(17188|3388) Cached_Allocator_With_Overflow::malloc 0000000002A9A0E0 12 pool allocs 11 pool free with 10000 available
